<?xml version="1.0" encoding="UTF-8"?>
<!-- Generated by org.testng.reporters.JUnitReportReporter -->
<testsuite skipped="0" hostname="DELL-PC" name="com.sprint1.testcases.S75675_Create_Acccount_Functionality_Validation" tests="1" failures="0" timestamp="26 Feb 2019 03:02:36 GMT" time="23.843" errors="0">
  <testcase name="testCase1" time="23.843" classname="com.sprint1.testcases.S75675_Create_Acccount_Functionality_Validation"/>
</testsuite> <!-- com.sprint1.testcases.S75675_Create_Acccount_Functionality_Validation -->
